#
# There is insufficient memory for the Java Runtime Environment to continue.
# Native memory allocation (malloc) failed to allocate 1048576 bytes for AllocateHeap
# Possible reasons:
#   The system is out of physical RAM or swap space
#   The process is running with CompressedOops enabled, and the Java Heap may be blocking the growth of the native heap
# Possible solutions:
#   Reduce memory load on the system
#   Increase physical memory or swap space
#   Check if swap backing store is full
#   Decrease Java heap size (-Xmx/-Xms)
#   Decrease number of Java threads
#   Decrease Java thread stack sizes (-Xss)
#   Set larger code cache with -XX:ReservedCodeCacheSize=
#   JVM is running with Zero Based Compressed Oops mode in which the Java heap is
#     placed in the first 32GB address space. The Java Heap base address is the
#     maximum limit for the native heap growth. Please use -XX:HeapBaseMinAddress
#     to set the Java Heap base and to place the Java Heap above 32GB virtual address.
# This output file may be truncated or incomplete.
#
#  Out of Memory Error (./src/hotspot/share/memory/allocation.cpp:46), pid=2272, tid=7448
#
# JRE version: OpenJDK Runtime Environment (11.0.13) (build 11.0.13+0-b1751.21-8125866)
# Java VM: OpenJDK 64-Bit Server VM (11.0.13+0-b1751.21-8125866, mixed mode, tiered, compressed oops, g1 gc, windows-amd64)
# No core dump will be written. Minidumps are not enabled by default on client versions of Windows
#

---------------  S U M M A R Y ------------

Command Line: org.jetbrains.kotlin.cli.jvm.K2JVMCompiler @C:\Users\Bayan\AndroidStudioProjects\Newsapp\app\build\20230209_15171008937805100986.compiler.options

Host: Intel(R) Core(TM) i5-4310M CPU @ 2.70GHz, 4 cores, 9G,  Windows 11 , 64 bit Build 22621 (10.0.22621.1194)
Time: Thu Feb  9 12:18:35 2023 Pacific Standard Time elapsed time: 1.448621 seconds (0d 0h 0m 1s)

---------------  T H R E A D  ---------------

Current thread (0x0000023ce8dee800):  VMThread "VM Thread" [stack: 0x000000b3baf00000,0x000000b3bb000000] [id=7448]

Stack: [0x000000b3baf00000,0x000000b3bb000000]
[error occurred during error reporting (printing stack bounds), id 0xc0000005, EXCEPTION_ACCESS_VIOLATION (0xc0000005) at pc=0x0000023cd12c112d]

Native frames: (J=compiled Java code, j=interpreted, Vv=VM code, C=native code)
V  [jvm.dll+0x6100fa]
V  [jvm.dll+0x747090]
V  [jvm.dll+0x7486ad]
V  [jvm.dll+0x748ce5]
V  [jvm.dll+0x748c9b]
V  [jvm.dll+0x60f224]
V  [jvm.dll+0x60f9b8]
C  [ntdll.dll+0xa3eaf]
C  [ntdll.dll+0x1eae6]
C  [ntdll.dll+0xa2e9e]
C  0x0000023cd12c112d

VM_Operation (0x000000b3ba9fb8d0): CollectForMetadataAllocation, mode: safepoint, requested by thread 0x0000023ccbfcd800


---------------  P R O C E S S  ---------------

Threads class SMR info:
_java_thread_list=0x0000023ce97fe5a0, length=11, elements={
0x0000023ccbfcd800, 0x0000023ce8df1800, 0x0000023ce8e1c800, 0x0000023ce9635800,
0x0000023ce9637800, 0x0000023ce9638800, 0x0000023ce9639800, 0x0000023ce9682800,
0x0000023ce96b5800, 0x0000023ce9809800, 0x0000023ce9834000
}

Java Threads: ( => current thread )
  0x0000023ccbfcd800 JavaThread "main" [_thread_blocked, id=7456, stack(0x000000b3ba900000,0x000000b3baa00000)]
  0x0000023ce8df1800 JavaThread "Reference Handler" daemon [_thread_blocked, id=5016, stack(0x000000b3bb000000,0x000000b3bb100000)]
  0x0000023ce8e1c800 JavaThread "Finalizer" daemon [_thread_blocked, id=11388, stack(0x000000b3bb100000,0x000000b3bb200000)]
  0x0000023ce9635800 JavaThread "Signal Dispatcher" daemon [_thread_blocked, id=4704, stack(0x000000b3bb200000,0x000000b3bb300000)]
  0x0000023ce9637800 JavaThread "Attach Listener" daemon [_thread_blocked, id=6656, stack(0x000000b3bb300000,0x000000b3bb400000)]
  0x0000023ce9638800 JavaThread "Service Thread" daemon [_thread_blocked, id=1100, stack(0x000000b3bb400000,0x000000b3bb500000)]
  0x0000023ce9639800 JavaThread "C2 CompilerThread0" daemon [_thread_blocked, id=9196, stack(0x000000b3bb500000,0x000000b3bb600000)]
  0x0000023ce9682800 JavaThread "C1 CompilerThread0" daemon [_thread_blocked, id=2708, stack(0x000000b3bb600000,0x000000b3bb700000)]
  0x0000023ce96b5800 JavaThread "Sweeper thread" daemon [_thread_blocked, id=11876, stack(0x000000b3bb700000,0x000000b3bb800000)]
  0x0000023ce9809800 JavaThread "Common-Cleaner" daemon [_thread_blocked, id=4540, stack(0x000000b3bb900000,0x000000b3bba00000)]
  0x0000023ce9834000 JavaThread "C2 CompilerThread1" daemon [_thread_blocked, id=9152, stack(0x000000b3bba00000,0x000000b3bbb00000)]

Other Threads:
=>0x0000023ce8dee800 VMThread "VM Thread" [stack: 0x000000b3baf00000,0x000000b3bb000000] [id=7448]
  0x0000023ce9805800 WatcherThread [stack: 0x000000b3bb800000,0x000000b3bb900000] [id=14168]
  0x0000023ccbfe6000 GCTaskThread "GC Thread#0" [stack: 0x000000b3baa00000,0x000000b3bab00000] [id=1840]
  0x0000023ce9d0f000 GCTaskThread "GC Thread#1" [stack: 0x000000b3bbb00000,0x000000b3bbc00000] [id=13280]
  0x0000023ce9d90000 GCTaskThread "GC Thread#2" [stack: 0x000000b3bbc00000,0x000000b3bbd00000] [id=5088]
  0x0000023ccc023000 ConcurrentGCThread "G1 Main Marker" [stack: 0x000000b3bab00000,0x000000b3bac00000] [id=2000]
  0x0000023ccc024000 ConcurrentGCThread "G1 Conc#0" [stack: 0x000000b3bac00000,0x000000b3bad00000] [id=9760]
  0x0000023ccc09e000 ConcurrentGCThread "G1 Refine#0" [stack: 0x000000b3bad00000,0x000000b3bae00000] [id=10684]
  0x0000023ce8c55800 ConcurrentGCThread "G1 Young RemSet Sampling" [stack: 0x000000b3bae00000,0x000000b3baf00000] [id=6328]

Threads with active compile tasks:

VM state:at safepoint (normal execution)

VM Mutex/Monitor currently owned by a thread:  ([mutex/lock_event])
[0x0000023ccbfc9bf0] Threads_lock - owner thread: 0x0000023ce8dee800
[0x0000023ccbfca070] Heap_lock - owner thread: 0x0000023ccbfcd800

Heap address: 0x0000000761200000, size: 2542 MB, Compressed Oops mode: Zero based, Oop shift amount: 3
Narrow klass base: 0x0000000800000000, Narrow klass shift: 0
Compressed class space size: 1073741824 Address: 0x0000000800000000

Heap:
 garbage-first heap   total 163840K, used 10781K [0x0000000761200000, 0x0000000800000000)
  region size 1024K, 7 young (7168K), 7 survivors (7168K)
 Metaspace       used 19580K, capacity 19764K, committed 19840K, reserved 1079296K
  class space    used 2050K, capacity 2124K, committed 2176K, reserved 1048576K
Heap Regions: E=young(eden), S=young(survivor), O=old, HS=humongous(starts), HC=humongous(continues), CS=collection set, F=free, A=archive, TAMS=top-at-mark-start (previous, next)
|   0|0x0000000761200000, 0x0000000761300000, 0x0000000761300000|100%|HS|  |TAMS 0x0000000761200000, 0x0000000761300000| Complete 
|   1|0x0000000761300000, 0x0000000761400000, 0x0000000761400000|100%|HC|  |TAMS 0x0000000761300000, 0x0000000761400000| Complete 
|   2|0x0000000761400000, 0x0000000761500000, 0x0000000761500000|100%|HC|  |TAMS 0x0000000761400000, 0x0000000761500000| Complete 
|   3|0x0000000761500000, 0x0000000761600000, 0x0000000761600000|100%|HC|  |TAMS 0x0000000761500000, 0x0000000761600000| Complete 
|   4|0x0000000761600000, 0x0000000761600000, 0x0000000761700000|  0%| F|  |TAMS 0x0000000761600000, 0x0000000761600000| Untracked 
|   5|0x0000000761700000, 0x0000000761745400, 0x0000000761800000| 27%| O|  |TAMS 0x0000000761700000, 0x0000000761745400| Untracked 
|   6|0x0000000761800000, 0x0000000761800000, 0x0000000761900000|  0%| F|  |TAMS 0x0000000761800000, 0x0000000761800000| Untracked 
|   7|0x0000000761900000, 0x0000000761900000, 0x0000000761a00000|  0%| F|  |TAMS 0x0000000761900000, 0x0000000761900000| Untracked 
|   8|0x0000000761a00000, 0x0000000761a00000, 0x0000000761b00000|  0%| F|  |TAMS 0x0000000761a00000, 0x0000000761a00000| Untracked 
|   9|0x0000000761b00000, 0x0000000761b00000, 0x0000000761c00000|  0%| F|  |TAMS 0x0000000761b00000, 0x0000000761b00000| Untracked 
|  10|0x0000000761c00000, 0x0000000761c00000, 0x0000000761d00000|  0%| F|  |TAMS 0x0000000761c00000, 0x0000000761c00000| Untracked 
|  11|0x0000000761d00000, 0x0000000761d00000, 0x0000000761e00000|  0%| F|  |TAMS 0x0000000761d00000, 0x0000000761d00000| Untracked 
|  12|0x0000000761e00000, 0x0000000761e00000, 0x0000000761f00000|  0%| F|  |TAMS 0x0000000761e00000, 0x0000000761e00000| Untracked 
|  13|0x0000000761f00000, 0x0000000761f00000, 0x0000000762000000|  0%| F|  |TAMS 0x0000000761f00000, 0x0000000761f00000| Untracked 
|  14|0x0000000762000000, 0x0000000762000000, 0x0000000762100000|  0%| F|  |TAMS 0x0000000762000000, 0x0000000762000000| Untracked 
|  15|0x0000000762100000, 0x0000000762100000, 0x0000000762200000|  0%| F|  |TAMS 0x0000000762100000, 0x0000000762100000| Untracked 
|  16|0x0000000762200000, 0x0000000762200000, 0x0000000762300000|  0%| F|  |TAMS 0x0000000762200000, 0x0000000762200000| Untracked 
|  17|0x0000000762300000, 0x0000000762300000, 0x0000000762400000|  0%| F|  |TAMS 0x0000000762300000, 0x0000000762300000| Untracked 
|  18|0x0000000762400000, 0x0000000762400000, 0x0000000762500000|  0%| F|  |TAMS 0x0000000762400000, 0x0000000762400000| Untracked 
|  19|0x0000000762500000, 0x0000000762500000, 0x0000000762600000|  0%| F|  |TAMS 0x0000000762500000, 0x0000000762500000| Untracked 
|  20|0x0000000762600000, 0x0000000762600000, 0x0000000762700000|  0%| F|  |TAMS 0x0000000762600000, 0x0000000762600000| Untracked 
|  21|0x0000000762700000, 0x0000000762700000, 0x0000000762800000|  0%| F|  |TAMS 0x0000000762700000, 0x0000000762700000| Untracked 
|  22|0x0000000762800000, 0x0000000762800000, 0x0000000762900000|  0%| F|  |TAMS 0x0000000762800000, 0x0000000762800000| Untracked 
|  23|0x0000000762900000, 0x0000000762900000, 0x0000000762a00000|  0%| F|  |TAMS 0x0000000762900000, 0x0000000762900000| Untracked 
|  24|0x0000000762a00000, 0x0000000762a00000, 0x0000000762b00000|  0%| F|  |TAMS 0x0000000762a00000, 0x0000000762a00000| Untracked 
|  25|0x0000000762b00000, 0x0000000762b00000, 0x0000000762c00000|  0%| F|  |TAMS 0x0000000762b00000, 0x0000000762b00000| Untracked 
|  26|0x0000000762c00000, 0x0000000762c00000, 0x0000000762d00000|  0%| F|  |TAMS 0x0000000762c00000, 0x0000000762c00000| Untracked 
|  27|0x0000000762d00000, 0x0000000762d00000, 0x0000000762e00000|  0%| F|  |TAMS 0x0000000762d00000, 0x0000000762d00000| Untracked 
|  28|0x0000000762e00000, 0x0000000762e00000, 0x0000000762f00000|  0%| F|  |TAMS 0x0000000762e00000, 0x0000000762e00000| Untracked 
|  29|0x0000000762f00000, 0x0000000762f00000, 0x0000000763000000|  0%| F|  |TAMS 0x0000000762f00000, 0x0000000762f00000| Untracked 
|  30|0x0000000763000000, 0x0000000763000000, 0x0000000763100000|  0%| F|  |TAMS 0x0000000763000000, 0x0000000763000000| Untracked 
|  31|0x0000000763100000, 0x0000000763100000, 0x0000000763200000|  0%| F|  |TAMS 0x0000000763100000, 0x0000000763100000| Untracked 
|  32|0x0000000763200000, 0x0000000763200000, 0x0000000763300000|  0%| F|  |TAMS 0x0000000763200000, 0x0000000763200000| Untracked 
|  33|0x0000000763300000, 0x0000000763300000, 0x0000000763400000|  0%| F|  |TAMS 0x0000000763300000, 0x0000000763300000| Untracked 
|  34|0x0000000763400000, 0x0000000763400000, 0x0000000763500000|  0%| F|  |TAMS 0x0000000763400000, 0x0000000763400000| Untracked 
|  35|0x0000000763500000, 0x0000000763500000, 0x0000000763600000|  0%| F|  |TAMS 0x0000000763500000, 0x0000000763500000| Untracked 
|  36|0x0000000763600000, 0x0000000763600000, 0x0000000763700000|  0%| F|  |TAMS 0x0000000763600000, 0x0000000763600000| Untracked 
|  37|0x0000000763700000, 0x0000000763700000, 0x0000000763800000|  0%| F|  |TAMS 0x0000000763700000, 0x0000000763700000| Untracked 
|  38|0x0000000763800000, 0x0000000763800000, 0x0000000763900000|  0%| F|  |TAMS 0x0000000763800000, 0x0000000763800000| Untracked 
|  39|0x0000000763900000, 0x0000000763900000, 0x0000000763a00000|  0%| F|  |TAMS 0x0000000763900000, 0x0000000763900000| Untracked 
|  40|0x0000000763a00000, 0x0000000763a00000, 0x0000000763b00000|  0%| F|  |TAMS 0x0000000763a00000, 0x0000000763a00000| Untracked 
|  41|0x0000000763b00000, 0x0000000763b00000, 0x0000000763c00000|  0%| F|  |TAMS 0x0000000763b00000, 0x0000000763b00000| Untracked 
|  42|0x0000000763c00000, 0x0000000763c00000, 0x0000000763d00000|  0%| F|  |TAMS 0x0000000763c00000, 0x0000000763c00000| Untracked 
|  43|0x0000000763d00000, 0x0000000763d00000, 0x0000000763e00000|  0%| F|  |TAMS 0x0000000763d00000, 0x0000000763d00000| Untracked 
|  44|0x0000000763e00000, 0x0000000763e00000, 0x0000000763f00000|  0%| F|  |TAMS 0x0000000763e00000, 0x0000000763e00000| Untracked 
|  45|0x0000000763f00000, 0x0000000763f00000, 0x0000000764000000|  0%| F|  |TAMS 0x0000000763f00000, 0x0000000763f00000| Untracked 
|  46|0x0000000764000000, 0x0000000764000000, 0x0000000764100000|  0%| F|  |TAMS 0x0000000764000000, 0x0000000764000000| Untracked 
|  47|0x0000000764100000, 0x0000000764100000, 0x0000000764200000|  0%| F|  |TAMS 0x0000000764100000, 0x0000000764100000| Untracked 
|  48|0x0000000764200000, 0x0000000764200000, 0x0000000764300000|  0%| F|  |TAMS 0x0000000764200000, 0x0000000764200000| Untracked 
|  49|0x0000000764300000, 0x0000000764300000, 0x0000000764400000|  0%| F|  |TAMS 0x0000000764300000, 0x0000000764300000| Untracked 
|  50|0x0000000764400000, 0x0000000764400000, 0x0000000764500000|  0%| F|  |TAMS 0x0000000764400000, 0x0000000764400000| Untracked 
|  51|0x0000000764500000, 0x0000000764500000, 0x0000000764600000|  0%| F|  |TAMS 0x0000000764500000, 0x0000000764500000| Untracked 
|  52|0x0000000764600000, 0x0000000764600000, 0x0000000764700000|  0%| F|  |TAMS 0x0000000764600000, 0x0000000764600000| Untracked 
|  53|0x0000000764700000, 0x0000000764700000, 0x0000000764800000|  0%| F|  |TAMS 0x0000000764700000, 0x0000000764700000| Untracked 
|  54|0x0000000764800000, 0x0000000764800000, 0x0000000764900000|  0%| F|  |TAMS 0x0000000764800000, 0x0000000764800000| Untracked 
|  55|0x0000000764900000, 0x0000000764900000, 0x0000000764a00000|  0%| F|  |TAMS 0x0000000764900000, 0x0000000764900000| Untracked 
|  56|0x0000000764a00000, 0x0000000764a00000, 0x0000000764b00000|  0%| F|  |TAMS 0x0000000764a00000, 0x0000000764a00000| Untracked 
|  57|0x0000000764b00000, 0x0000000764b00000, 0x0000000764c00000|  0%| F|  |TAMS 0x0000000764b00000, 0x0000000764b00000| Untracked 
|  58|0x0000000764c00000, 0x0000000764c00000, 0x0000000764d00000|  0%| F|  |TAMS 0x0000000764c00000, 0x0000000764c00000| Untracked 
|  59|0x0000000764d00000, 0x0000000764d00000, 0x0000000764e00000|  0%| F|  |TAMS 0x0000000764d00000, 0x0000000764d00000| Untracked 
|  60|0x0000000764e00000, 0x0000000764e00000, 0x0000000764f00000|  0%| F|  |TAMS 0x0000000764e00000, 0x0000000764e00000| Untracked 
|  61|0x0000000764f00000, 0x0000000764f00000, 0x0000000765000000|  0%| F|  |TAMS 0x0000000764f00000, 0x0000000764f00000| Untracked 
|  62|0x0000000765000000, 0x0000000765000000, 0x0000000765100000|  0%| F|  |TAMS 0x0000000765000000, 0x0000000765000000| Untracked 
|  63|0x0000000765100000, 0x0000000765100000, 0x0000000765200000|  0%| F|  |TAMS 0x0000000765100000, 0x0000000765100000| Untracked 
|  64|0x0000000765200000, 0x0000000765200000, 0x0000000765300000|  0%| F|  |TAMS 0x0000000765200000, 0x0000000765200000| Untracked 
|  65|0x0000000765300000, 0x0000000765300000, 0x0000000765400000|  0%| F|  |TAMS 0x0000000765300000, 0x0000000765300000| Untracked 
|  66|0x0000000765400000, 0x0000000765400000, 0x0000000765500000|  0%| F|  |TAMS 0x0000000765400000, 0x0000000765400000| Untracked 
|  67|0x0000000765500000, 0x0000000765500000, 0x0000000765600000|  0%| F|  |TAMS 0x0000000765500000, 0x0000000765500000| Untracked 
|  68|0x0000000765600000, 0x0000000765600000, 0x0000000765700000|  0%| F|  |TAMS 0x0000000765600000, 0x0000000765600000| Untracked 
|  69|0x0000000765700000, 0x0000000765700000, 0x0000000765800000|  0%| F|  |TAMS 0x0000000765700000, 0x0000000765700000| Untracked 
|  70|0x0000000765800000, 0x0000000765800000, 0x0000000765900000|  0%| F|  |TAMS 0x0000000765800000, 0x0000000765800000| Untracked 
|  71|0x0000000765900000, 0x0000000765900000, 0x0000000765a00000|  0%| F|  |TAMS 0x0000000765900000, 0x0000000765900000| Untracked 
|  72|0x0000000765a00000, 0x0000000765a00000, 0x0000000765b00000|  0%| F|  |TAMS 0x0000000765a00000, 0x0000000765a00000| Untracked 
|  73|0x0000000765b00000, 0x0000000765b00000, 0x0000000765c00000|  0%| F|  |TAMS 0x0000000765b00000, 0x0000000765b00000| Untracked 
|  74|0x0000000765c00000, 0x0000000765c00000, 0x0000000765d00000|  0%| F|  |TAMS 0x0000000765c00000, 0x0000000765c00000| Untracked 
|  75|0x0000000765d00000, 0x0000000765d00000, 0x0000000765e00000|  0%| F|  |TAMS 0x0000000765d00000, 0x0000000765d00000| Untracked 
|  76|0x0000000765e00000, 0x0000000765e00000, 0x0000000765f00000|  0%| F|  |TAMS 0x0000000765e00000, 0x0000000765e00000| Untracked 
|  77|0x0000000765f00000, 0x0000000765f00000, 0x0000000766000000|  0%| F|  |TAMS 0x0000000765f00000, 0x0000000765f00000| Untracked 
|  78|0x0000000766000000, 0x0000000766000000, 0x0000000766100000|  0%| F|  |TAMS 0x0000000766000000, 0x0000000766000000| Untracked 
|  79|0x0000000766100000, 0x0000000766100000, 0x0000000766200000|  0%| F|  |TAMS 0x0000000766100000, 0x0000000766100000| Untracked 
|  80|0x0000000766200000, 0x0000000766200000, 0x0000000766300000|  0%| F|  |TAMS 0x0000000766200000, 0x0000000766200000| Untracked 
|  81|0x0000000766300000, 0x0000000766300000, 0x0000000766400000|  0%| F|  |TAMS 0x0000000766300000, 0x0000000766300000| Untracked 
|  82|0x0000000766400000, 0x0000000766400000, 0x0000000766500000|  0%| F|  |TAMS 0x0000000766400000, 0x0000000766400000| Untracked 
|  83|0x0000000766500000, 0x0000000766500000, 0x0000000766600000|  0%| F|  |TAMS 0x0000000766500000, 0x0000000766500000| Untracked 
|  84|0x0000000766600000, 0x0000000766600000, 0x0000000766700000|  0%| F|  |TAMS 0x0000000766600000, 0x0000000766600000| Untracked 
|  85|0x0000000766700000, 0x0000000766700000, 0x0000000766800000|  0%| F|  |TAMS 0x0000000766700000, 0x0000000766700000| Untracked 
|  86|0x0000000766800000, 0x0000000766800000, 0x0000000766900000|  0%| F|  |TAMS 0x0000000766800000, 0x0000000766800000| Untracked 
|  87|0x0000000766900000, 0x0000000766900000, 0x0000000766a00000|  0%| F|  |TAMS 0x0000000766900000, 0x0000000766900000| Untracked 
|  88|0x0000000766a00000, 0x0000000766a00000, 0x0000000766b00000|  0%| F|  |TAMS 0x0000000766a00000, 0x0000000766a00000| Untracked 
|  89|0x0000000766b00000, 0x0000000766b00000, 0x0000000766c00000|  0%| F|  |TAMS 0x0000000766b00000, 0x0000000766b00000| Untracked 
|  90|0x0000000766c00000, 0x0000000766c00000, 0x0000000766d00000|  0%| F|  |TAMS 0x0000000766c00000, 0x0000000766c00000| Untracked 
|  91|0x0000000766d00000, 0x0000000766d00000, 0x0000000766e00000|  0%| F|  |TAMS 0x0000000766d00000, 0x0000000766d00000| Untracked 
|  92|0x0000000766e00000, 0x0000000766e00000, 0x0000000766f00000|  0%| F|  |TAMS 0x0000000766e00000, 0x0000000766e00000| Untracked 
|  93|0x0000000766f00000, 0x0000000766f00000, 0x0000000767000000|  0%| F|  |TAMS 0x0000000766f00000, 0x0000000766f00000| Untracked 
|  94|0x0000000767000000, 0x0000000767000000, 0x0000000767100000|  0%| F|  |TAMS 0x0000000767000000, 0x0000000767000000| Untracked 
|  95|0x0000000767100000, 0x0000000767100000, 0x0000000767200000|  0%| F|  |TAMS 0x0000000767100000, 0x0000000767100000| Untracked 
|  96|0x0000000767200000, 0x0000000767200000, 0x0000000767300000|  0%| F|  |TAMS 0x0000000767200000, 0x0000000767200000| Untracked 
|  97|0x0000000767300000, 0x0000000767300000, 0x0000000767400000|  0%| F|  |TAMS 0x0000000767300000, 0x0000000767300000| Untracked 
|  98|0x0000000767400000, 0x0000000767400000, 0x0000000767500000|  0%| F|  |TAMS 0x0000000767400000, 0x0000000767400000| Untracked 
|  99|0x0000000767500000, 0x0000000767500000, 0x0000000767600000|  0%| F|  |TAMS 0x0000000767500000, 0x0000000767500000| Untracked 
| 100|0x0000000767600000, 0x0000000767600000, 0x0000000767700000|  0%| F|  |TAMS 0x0000000767600000, 0x0000000767600000| Untracked 
| 101|0x0000000767700000, 0x0000000767700000, 0x0000000767800000|  0%| F|  |TAMS 0x0000000767700000, 0x0000000767700000| Untracked 
| 102|0x0000000767800000, 0x0000000767800000, 0x0000000767900000|  0%| F|  |TAMS 0x0000000767800000, 0x0000000767800000| Untracked 
| 103|0x0000000767900000, 0x0000000767900000, 0x0000000767a00000|  0%| F|  |TAMS 0x0000000767900000, 0x0000000767900000| Untracked 
| 104|0x0000000767a00000, 0x0000000767a00000, 0x0000000767b00000|  0%| F|  |TAMS 0x0000000767a00000, 0x0000000767a00000| Untracked 
| 105|0x0000000767b00000, 0x0000000767b00000, 0x0000000767c00000|  0%| F|  |TAMS 0x0000000767b00000, 0x0000000767b00000| Untracked 
| 106|0x0000000767c00000, 0x0000000767c00000, 0x0000000767d00000|  0%| F|  |TAMS 0x0000000767c00000, 0x0000000767c00000| Untracked 
| 107|0x0000000767d00000, 0x0000000767d00000, 0x0000000767e00000|  0%| F|  |TAMS 0x0000000767d00000, 0x0000000767d00000| Untracked 
| 108|0x0000000767e00000, 0x0000000767e42388, 0x0000000767f00000| 25%| S|CS|TAMS 0x0000000767e00000, 0x0000000767e00000| Complete 
| 109|0x0000000767f00000, 0x0000000768000000, 0x0000000768000000|100%| S|CS|TAMS 0x0000000767f00000, 0x0000000767f00000| Complete 
| 110|0x0000000768000000, 0x0000000768100000, 0x0000000768100000|100%| S|CS|TAMS 0x0000000768000000, 0x0000000768000000| Complete 
| 111|0x0000000768100000, 0x0000000768200000, 0x0000000768200000|100%| S|CS|TAMS 0x0000000768100000, 0x0000000768100000| Complete 
| 112|0x0000000768200000, 0x0000000768300000, 0x0000000768300000|100%| S|CS|TAMS 0x0000000768200000, 0x0000000768200000| Complete 
| 113|0x0000000768300000, 0x0000000768400000, 0x0000000768400000|100%| S|CS|TAMS 0x0000000768300000, 0x0000000768300000| Complete 
| 114|0x0000000768400000, 0x0000000768500000, 0x0000000768500000|100%| S|CS|TAMS 0x0000000768400000, 0x0000000768400000| Complete 
| 115|0x0000000768500000, 0x0000000768500000, 0x0000000768600000|  0%| F|  |TAMS 0x0000000768500000, 0x0000000768500000| Untracked 
| 116|0x0000000768600000, 0x0000000768600000, 0x0000000768700000|  0%| F|  |TAMS 0x0000000768600000, 0x0000000768600000| Untracked 
| 117|0x0000000768700000, 0x0000000768700000, 0x0000000768800000|  0%| F|  |TAMS 0x0000000768700000, 0x0000000768700000| Untracked 
| 118|0x0000000768800000, 0x0000000768800000, 0x0000000768900000|  0%| F|  |TAMS 0x0000000768800000, 0x0000000768800000| Untracked 
| 119|0x0000000768900000, 0x0000000768900000, 0x0000000768a00000|  0%| F|  |TAMS 0x0000000768900000, 0x0000000768900000| Untracked 
| 120|0x0000000768a00000, 0x0000000768a00000, 0x0000000768b00000|  0%| F|  |TAMS 0x0000000768a00000, 0x0000000768a00000| Untracked 
| 121|0x0000000768b00000, 0x0000000768b00000, 0x0000000768c00000|  0%| F|  |TAMS 0x0000000768b00000, 0x0000000768b00000| Untracked 
| 122|0x0000000768c00000, 0x0000000768c00000, 0x0000000768d00000|  0%| F|  |TAMS 0x0000000768c00000, 0x0000000768c00000| Untracked 
| 123|0x0000000768d00000, 0x0000000768d00000, 0x0000000768e00000|  0%| F|  |TAMS 0x0000000768d00000, 0x0000000768d00000| Untracked 
| 124|0x0000000768e00000, 0x0000000768e00000, 0x0000000768f00000|  0%| F|  |TAMS 0x0000000768e00000, 0x0000000768e00000| Untracked 
| 125|0x0000000768f00000, 0x0000000768f00000, 0x0000000769000000|  0%| F|  |TAMS 0x0000000768f00000, 0x0000000768f00000| Untracked 
| 126|0x0000000769000000, 0x0000000769000000, 0x0000000769100000|  0%| F|  |TAMS 0x0000000769000000, 0x0000000769000000| Untracked 
| 127|0x0000000769100000, 0x0000000769100000, 0x0000000769200000|  0%| F|  |TAMS 0x0000000769100000, 0x0000000769100000| Untracked 
| 128|0x0000000769200000, 0x0000000769200000, 0x0000000769300000|  0%| F|  |TAMS 0x0000000769200000, 0x0000000769200000| Untracked 
| 129|0x0000000769300000, 0x0000000769300000, 0x0000000769400000|  0%| F|  |TAMS 0x0000000769300000, 0x0000000769300000| Untracked 
| 130|0x0000000769400000, 0x0000000769400000, 0x0000000769500000|  0%| F|  |TAMS 0x0000000769400000, 0x0000000769400000| Untracked 
| 131|0x0000000769500000, 0x0000000769500000, 0x0000000769600000|  0%| F|  |TAMS 0x0000000769500000, 0x0000000769500000| Untracked 
| 132|0x0000000769600000, 0x0000000769600000, 0x0000000769700000|  0%| F|  |TAMS 0x0000000769600000, 0x0000000769600000| Untracked 
| 133|0x0000000769700000, 0x0000000769700000, 0x0000000769800000|  0%| F|  |TAMS 0x0000000769700000, 0x0000000769700000| Untracked 
| 134|0x0000000769800000, 0x0000000769800000, 0x0000000769900000|  0%| F|  |TAMS 0x0000000769800000, 0x0000000769800000| Untracked 
| 135|0x0000000769900000, 0x0000000769900000, 0x0000000769a00000|  0%| F|  |TAMS 0x0000000769900000, 0x0000000769900000| Untracked 
| 136|0x0000000769a00000, 0x0000000769a00000, 0x0000000769b00000|  0%| F|  |TAMS 0x0000000769a00000, 0x0000000769a00000| Untracked 
| 137|0x0000000769b00000, 0x0000000769b00000, 0x0000000769c00000|  0%| F|  |TAMS 0x0000000769b00000, 0x0000000769b00000| Untracked 
| 138|0x0000000769c00000, 0x0000000769c00000, 0x0000000769d00000|  0%| F|  |TAMS 0x0000000769c00000, 0x0000000769c00000| Untracked 
| 139|0x0000000769d00000, 0x0000000769d00000, 0x0000000769e00000|  0%| F|  |TAMS 0x0000000769d00000, 0x0000000769d00000| Untracked 
| 140|0x0000000769e00000, 0x0000000769e00000, 0x0000000769f00000|  0%| F|  |TAMS 0x0000000769e00000, 0x0000000769e00000| Untracked 
| 141|0x0000000769f00000, 0x0000000769f00000, 0x000000076a000000|  0%| F|  |TAMS 0x0000000769f00000, 0x0000000769f00000| Untracked 
| 142|0x000000076a000000, 0x000000076a000000, 0x000000076a100000|  0%| F|  |TAMS 0x000000076a000000, 0x000000076a000000| Untracked 
| 143|0x000000076a100000, 0x000000076a100000, 0x000000076a200000|  0%| F|  |TAMS 0x000000076a100000, 0x000000076a100000| Untracked 
| 144|0x000000076a200000, 0x000000076a200000, 0x000000076a300000|  0%| F|  |TAMS 0x000000076a200000, 0x000000076a200000| Untracked 
| 145|0x000000076a300000, 0x000000076a300000, 0x000000076a400000|  0%| F|  |TAMS 0x000000076a300000, 0x000000076a300000| Untracked 
| 146|0x000000076a400000, 0x000000076a400000, 0x000000076a500000|  0%| F|  |TAMS 0x000000076a400000, 0x000000076a400000| Untracked 
| 147|0x000000076a500000, 0x000000076a500000, 0x000000076a600000|  0%| F|  |TAMS 0x000000076a500000, 0x000000076a500000| Untracked 
| 148|0x000000076a600000, 0x000000076a600000, 0x000000076a700000|  0%| F|  |TAMS 0x000000076a600000, 0x000000076a600000| Untracked 
| 149|0x000000076a700000, 0x000000076a700000, 0x000000076a800000|  0%| F|  |TAMS 0x000000076a700000, 0x000000076a700000| Untracked 
| 150|0x000000076a800000, 0x000000076a800000, 0x000000076a900000|  0%| F|  |TAMS 0x000000076a800000, 0x000000076a800000| Untracked 
| 151|0x000000076a900000, 0x000000076a900000, 0x000000076aa00000|  0%| F|  |TAMS 0x000000076a900000, 0x000000076a900000| Untracked 
| 152|0x000000076aa00000, 0x000000076aa00000, 0x000000076ab00000|  0%| F|  |TAMS 0x000000076aa00000, 0x000000076aa00000| Untracked 
| 153|0x000000076ab00000, 0x000000076ab00000, 0x000000076ac00000|  0%| F|  |TAMS 0x000000076ab00000, 0x000000076ab00000| Untracked 
| 154|0x000000076ac00000, 0x000000076ac00000, 0x000000076ad00000|  0%| F|  |TAMS 0x000000076ac00000, 0x000000076ac00000| Untracked 
| 155|0x000000076ad00000, 0x000000076ad00000, 0x000000076ae00000|  0%| F|  |TAMS 0x000000076ad00000, 0x000000076ad00000| Untracked 
| 156|0x000000076ae00000, 0x000000076ae00000, 0x000000076af00000|  0%| F|  |TAMS 0x000000076ae00000, 0x000000076ae00000| Untracked 
| 157|0x000000076af00000, 0x000000076af00000, 0x000000076b000000|  0%| F|  |TAMS 0x000000076af00000, 0x000000076af00000| Untracked 
| 158|0x000000076b000000, 0x000000076b000000, 0x000000076b100000|  0%| F|  |TAMS 0x000000076b000000, 0x000000076b000000| Untracked 
| 159|0x000000076b100000, 0x000000076b100000, 0x000000076b200000|  0%| F|  |TAMS 0x000000076b100000, 0x000000076b100000| Untracked 

Card table byte_map: [0x0000023ce0df0000,0x0000023ce12f0000] _byte_map_base: 0x0000023cdd2e7000

Marking Bits (Prev, Next): (CMBitMap*) 0x0000023ccc0182b8, (CMBitMap*) 0x0000023ccc0182f0
 Prev Bits: [0x0000023ce17f0000, 0x0000023ce3fa8000)
 Next Bits: [0x0000023ce3fb0000, 0x0000023ce6768000)

Polling page: 0x0000023ccc0a0000

Metaspace:

Usage:
  Non-class:     17.23 MB capacity,    17.12 MB (>99%) used,    88.13 KB ( <1%) free+waste,    21.94 KB ( <1%) overhead. 
      Class:      2.07 MB capacity,     2.00 MB ( 97%) used,    64.42 KB (  3%) free+waste,     9.50 KB ( <1%) overhead. 
       Both:     19.30 MB capacity,    19.12 MB (>99%) used,   152.55 KB ( <1%) free+waste,    31.44 KB ( <1%) overhead. 

Virtual space:
  Non-class space:       30.00 MB reserved,      17.25 MB ( 58%) committed 
      Class space:        1.00 GB reserved,       2.13 MB ( <1%) committed 
             Both:        1.03 GB reserved,      19.38 MB (  2%) committed 

Chunk freelists:
   Non-Class:  24.00 KB
       Class:  20.00 KB
        Both:  44.00 KB

MaxMetaspaceSize: 17179869184.00 GB
CompressedClassSpaceSize: 1.00 GB
Initial GC threshold: 20.80 MB
Current GC threshold: 21.12 MB
CDS: off

CodeHeap 'non-profiled nmethods': size=120064Kb used=542Kb max_used=542Kb free=119521Kb
 bounds [0x0000023cd8d80000, 0x0000023cd8ff0000, 0x0000023ce02c0000]
CodeHeap 'profiled nmethods': size=120000Kb used=3498Kb max_used=3498Kb free=116501Kb
 bounds [0x0000023cd1850000, 0x0000023cd1bc0000, 0x0000023cd8d80000]
CodeHeap 'non-nmethods': size=5696Kb used=1194Kb max_used=1209Kb free=4501Kb
 bounds [0x0000023cd12c0000, 0x0000023cd1530000, 0x0000023cd1850000]
 total_blobs=2111 nmethods=1655 adapters=368
 compilation: enabled
              stopped_count=0, restarted_count=0
 full_count=0

Compilation events (20 events):
Event: 1.335 Thread 0x0000023ce9682800 1645       3       java.lang.ClassLoader::addClass (9 bytes)
Event: 1.336 Thread 0x0000023ce9682800 nmethod 1645 0x0000023cd1baf910 code [0x0000023cd1bafb20, 0x0000023cd1bb03b8]
Event: 1.344 Thread 0x0000023ce9682800 1646   !   3       java.net.URL::<init> (543 bytes)
Event: 1.350 Thread 0x0000023ce9682800 nmethod 1646 0x0000023cd1bb0790 code [0x0000023cd1bb0e60, 0x0000023cd1bb4ac8]
Event: 1.350 Thread 0x0000023ce9682800 1648       3       java.lang.invoke.MemberName::checkForTypeAlias (168 bytes)
Event: 1.351 Thread 0x0000023ce9682800 nmethod 1648 0x0000023cd1bb6c90 code [0x0000023cd1bb7140, 0x0000023cd1bb93f8]
Event: 1.363 Thread 0x0000023ce9834000 1649       4       java.lang.String::regionMatches (150 bytes)
Event: 1.373 Thread 0x0000023ce9834000 nmethod 1649 0x0000023cd8e04f10 code [0x0000023cd8e050e0, 0x0000023cd8e05838]
Event: 1.377 Thread 0x0000023ce9639800 1650   !   4       java.util.WeakHashMap::expungeStaleEntries (139 bytes)
Event: 1.378 Thread 0x0000023ce9682800 1651       3       kotlin.collections.MapsKt__MapsJVMKt::mapCapacity (40 bytes)
Event: 1.378 Thread 0x0000023ce9682800 nmethod 1651 0x0000023cd1bb9d90 code [0x0000023cd1bb9f80, 0x0000023cd1bba1b8]
Event: 1.380 Thread 0x0000023ce9682800 1652       3       kotlin.collections.SetsKt__SetsKt::emptySet (7 bytes)
Event: 1.380 Thread 0x0000023ce9682800 nmethod 1652 0x0000023cd1bba290 code [0x0000023cd1bba440, 0x0000023cd1bba538]
Event: 1.387 Thread 0x0000023ce9834000 1653       4       java.util.jar.JarFile::maybeInstantiateVerifier (112 bytes)
Event: 1.389 Thread 0x0000023ce9639800 nmethod 1650 0x0000023cd8e05e10 code [0x0000023cd8e05fe0, 0x0000023cd8e06b78]
Event: 1.393 Thread 0x0000023ce9834000 nmethod 1653 0x0000023cd8e06f10 code [0x0000023cd8e07120, 0x0000023cd8e07460]
Event: 1.398 Thread 0x0000023ce9682800 1654       3       kotlin.Pair::<init> (15 bytes)
Event: 1.398 Thread 0x0000023ce9682800 nmethod 1654 0x0000023cd1bba610 code [0x0000023cd1bba7c0, 0x0000023cd1bba9d8]
Event: 1.407 Thread 0x0000023ce9682800 1655       1       java.lang.ClassLoader::getUnnamedModule (5 bytes)
Event: 1.407 Thread 0x0000023ce9682800 nmethod 1655 0x0000023cd8e07890 code [0x0000023cd8e07a40, 0x0000023cd8e07af8]

GC Heap History (4 events):
Event: 0.466 GC heap before
{Heap before GC invocations=0 (full 0):
 garbage-first heap   total 163840K, used 18432K [0x0000000761200000, 0x0000000800000000)
  region size 1024K, 14 young (14336K), 0 survivors (0K)
 Metaspace       used 9508K, capacity 9615K, committed 9856K, reserved 1058816K
  class space    used 789K, capacity 820K, committed 896K, reserved 1048576K
}
Event: 0.469 GC heap after
{Heap after GC invocations=1 (full 0):
 garbage-first heap   total 163840K, used 6421K [0x0000000761200000, 0x0000000800000000)
  region size 1024K, 2 young (2048K), 2 survivors (2048K)
 Metaspace       used 9508K, capacity 9615K, committed 9856K, reserved 1058816K
  class space    used 789K, capacity 820K, committed 896K, reserved 1048576K
}
Event: 1.418 GC heap before
{Heap before GC invocations=1 (full 0):
 garbage-first heap   total 163840K, used 49429K [0x0000000761200000, 0x0000000800000000)
  region size 1024K, 45 young (46080K), 2 survivors (2048K)
 Metaspace       used 19580K, capacity 19764K, committed 19840K, reserved 1077248K
  class space    used 2050K, capacity 2124K, committed 2176K, reserved 1048576K
}
Event: 1.436 GC heap after
{Heap after GC invocations=2 (full 0):
 garbage-first heap   total 163840K, used 10781K [0x0000000761200000, 0x0000000800000000)
  region size 1024K, 7 young (7168K), 7 survivors (7168K)
 Metaspace       used 19580K, capacity 19764K, committed 19840K, reserved 1077248K
  class space    used 2050K, capacity 2124K, committed 2176K, reserved 1048576K
}

Deoptimization events (20 events):
Event: 0.752 Thread 0x0000023ccbfcd800 DEOPT PACKING pc=0x0000023cd8dabca4 sp=0x000000b3ba9fd3d0
Event: 0.752 Thread 0x0000023ccbfcd800 DEOPT UNPACKING pc=0x0000023cd130a1af sp=0x000000b3ba9fd2b8 mode 2
Event: 0.928 Thread 0x0000023ccbfcd800 Uncommon trap: trap_request=0xffffff4d fr.pc=0x0000023cd8db7770 relative=0x0000000000000530
Event: 0.928 Thread 0x0000023ccbfcd800 Uncommon trap: reason=unstable_if action=reinterpret pc=0x0000023cd8db7770 method=java.util.ArrayList.newCapacity(I)I @ 25 c2
Event: 0.928 Thread 0x0000023ccbfcd800 DEOPT PACKING pc=0x0000023cd8db7770 sp=0x000000b3ba9fd7a0
Event: 0.928 Thread 0x0000023ccbfcd800 DEOPT UNPACKING pc=0x0000023cd130a1af sp=0x000000b3ba9fd5c0 mode 2
Event: 1.064 Thread 0x0000023ccbfcd800 Uncommon trap: trap_request=0xffffff4d fr.pc=0x0000023cd8dd11fc relative=0x00000000000001dc
Event: 1.064 Thread 0x0000023ccbfcd800 Uncommon trap: reason=unstable_if action=reinterpret pc=0x0000023cd8dd11fc method=java.lang.String.startsWith(Ljava/lang/String;I)Z @ 14 c2
Event: 1.064 Thread 0x0000023ccbfcd800 DEOPT PACKING pc=0x0000023cd8dd11fc sp=0x000000b3ba9fca50
Event: 1.064 Thread 0x0000023ccbfcd800 DEOPT UNPACKING pc=0x0000023cd130a1af sp=0x000000b3ba9fc960 mode 2
Event: 1.064 Thread 0x0000023ccbfcd800 Uncommon trap: trap_request=0xffffff4d fr.pc=0x0000023cd8da6508 relative=0x0000000000000248
Event: 1.064 Thread 0x0000023ccbfcd800 Uncommon trap: reason=unstable_if action=reinterpret pc=0x0000023cd8da6508 method=java.lang.String.startsWith(Ljava/lang/String;I)Z @ 14 c2
Event: 1.064 Thread 0x0000023ccbfcd800 DEOPT PACKING pc=0x0000023cd8da6508 sp=0x000000b3ba9fc9e0
Event: 1.064 Thread 0x0000023ccbfcd800 DEOPT UNPACKING pc=0x0000023cd130a1af sp=0x000000b3ba9fc960 mode 2
Event: 1.154 Thread 0x0000023ccbfcd800 DEOPT PACKING pc=0x0000023cd1b00bfc sp=0x000000b3ba9fd9d0
Event: 1.154 Thread 0x0000023ccbfcd800 DEOPT UNPACKING pc=0x0000023cd130a95e sp=0x000000b3ba9fd008 mode 0
Event: 1.239 Thread 0x0000023ccbfcd800 Uncommon trap: trap_request=0xffffff4d fr.pc=0x0000023cd8dae38c relative=0x00000000000000cc
Event: 1.239 Thread 0x0000023ccbfcd800 Uncommon trap: reason=unstable_if action=reinterpret pc=0x0000023cd8dae38c method=java.lang.Integer.valueOf(I)Ljava/lang/Integer; @ 3 c2
Event: 1.239 Thread 0x0000023ccbfcd800 DEOPT PACKING pc=0x0000023cd8dae38c sp=0x000000b3ba9fcae0
Event: 1.239 Thread 0x0000023ccbfcd800 DEOPT UNPACKING pc=0x0000023cd130a1af sp=0x000000b3ba9fca78 mode 2

Classes redefined (0 events):
No events

Internal exceptions (10 events):
Event: 1.207 Thread 0x0000023ccbfcd800 Exception <a 'java/lang/NoSuchMethodError'{0x0000000768ee0dd0}: 'int java.lang.invoke.DelegatingMethodHandle$Holder.reinvoke_L(java.lang.Object, java.lang.Object, java.lang.Object, long, int, int)'> (0x0000000768ee0dd0) thrown at [./src/hotspot/share/interpreter/linkResolver.cpp, line 773]
Event: 1.209 Thread 0x0000023ccbfcd800 Exception <a 'java/lang/NoSuchMethodError'{0x0000000768eee758}: 'int java.lang.invoke.DelegatingMethodHandle$Holder.reinvoke_L(java.lang.Object, java.lang.Object, java.lang.Object, long, long, long)'> (0x0000000768eee758) thrown at [./src/hotspot/share/interpreter/linkResolver.cpp, line 773]
Event: 1.210 Thread 0x0000023ccbfcd800 Exception <a 'java/lang/NoSuchMethodError'{0x0000000768efb910}: 'int java.lang.invoke.DelegatingMethodHandle$Holder.reinvoke_L(java.lang.Object, java.lang.Object, java.lang.Object, long, java.lang.Object, java.lang.Object)'> (0x0000000768efb910) thrown at [./src/hotspot/share/interpreter/linkResolver.cpp, line 773]
Event: 1.212 Thread 0x0000023ccbfcd800 Exception <a 'java/lang/NoSuchMethodError'{0x0000000768d09248}: 'void java.lang.invoke.DelegatingMethodHandle$Holder.reinvoke_L(java.lang.Object, java.lang.Object, java.lang.Object, long, java.lang.Object)'> (0x0000000768d09248) thrown at [./src/hotspot/share/interpreter/linkResolver.cpp, line 773]
Event: 1.213 Thread 0x0000023ccbfcd800 Exception <a 'java/lang/NoSuchMethodError'{0x0000000768d12ac8}: 'java.lang.Object java.lang.invoke.DirectMethodHandle$Holder.invokeSpecial(java.lang.Object, java.lang.Object, java.lang.Object, java.lang.Object, long)'> (0x0000000768d12ac8) thrown at [./src/hotspot/share/interpreter/linkResolver.cpp, line 773]
Event: 1.213 Thread 0x0000023ccbfcd800 Exception <a 'java/lang/NoSuchMethodError'{0x0000000768d16020}: 'java.lang.Object java.lang.invoke.DelegatingMethodHandle$Holder.reinvoke_L(java.lang.Object, java.lang.Object, java.lang.Object, long)'> (0x0000000768d16020) thrown at [./src/hotspot/share/interpreter/linkResolver.cpp, line 773]
Event: 1.216 Thread 0x0000023ccbfcd800 Exception <a 'java/lang/NoSuchMethodError'{0x0000000768d304e8}: 'long java.lang.invoke.Invokers$Holder.invoke_MT(java.lang.Object, java.lang.Object, java.lang.Object, java.lang.Object)'> (0x0000000768d304e8) thrown at [./src/hotspot/share/interpreter/linkResolver.cpp, line 773]
Event: 1.217 Thread 0x0000023ccbfcd800 Exception <a 'java/lang/NoSuchMethodError'{0x0000000768d33b68}: 'long java.lang.invoke.DelegatingMethodHandle$Holder.reinvoke_L(java.lang.Object, java.lang.Object, java.lang.Object)'> (0x0000000768d33b68) thrown at [./src/hotspot/share/interpreter/linkResolver.cpp, line 773]
Event: 1.218 Thread 0x0000023ccbfcd800 Exception <a 'java/lang/NoSuchMethodError'{0x0000000768d3d828}: 'int java.lang.invoke.DirectMethodHandle$Holder.invokeSpecial(java.lang.Object, java.lang.Object, java.lang.Object, java.lang.Object)'> (0x0000000768d3d828) thrown at [./src/hotspot/share/interpreter/linkResolver.cpp, line 773]
Event: 1.220 Thread 0x0000023ccbfcd800 Exception <a 'java/lang/NoSuchMethodError'{0x0000000768d4c608}: 'int java.lang.invoke.DelegatingMethodHandle$Holder.reinvoke_L(java.lang.Object, java.lang.Object, java.lang.Object, long, int)'> (0x0000000768d4c608) thrown at [./src/hotspot/share/interpreter/linkResolver.cpp, line 773]

Events (20 events):
Event: 1.417 loading class org/jetbrains/kotlin/backend/jvm/lower/ResolveInlineCallsKt done
Event: 1.417 loading class org/jetbrains/kotlin/backend/jvm/lower/ResolveInlineCallsKt$resolveInlineCallsPhase$1
Event: 1.417 loading class org/jetbrains/kotlin/backend/jvm/lower/ResolveInlineCallsKt$resolveInlineCallsPhase$1 done
Event: 1.417 loading class org/jetbrains/kotlin/backend/jvm/lower/BytecodeInliningPreparationLoweringKt
Event: 1.417 loading class org/jetbrains/kotlin/backend/jvm/lower/BytecodeInliningPreparationLoweringKt done
Event: 1.417 loading class org/jetbrains/kotlin/backend/jvm/lower/BytecodeInliningPreparationLoweringKt$prepareForBytecodeInlining$1
Event: 1.417 loading class org/jetbrains/kotlin/backend/jvm/lower/BytecodeInliningPreparationLoweringKt$prepareForBytecodeInlining$1 done
Event: 1.417 loading class java/util/AbstractList$RandomAccessSubList
Event: 1.417 loading class java/util/AbstractList$SubList
Event: 1.417 loading class java/util/AbstractList$SubList done
Event: 1.417 loading class java/util/AbstractList$RandomAccessSubList done
Event: 1.418 loading class org/jetbrains/kotlin/backend/jvm/lower/FragmentLocalFunctionPatchLoweringKt
Event: 1.418 loading class org/jetbrains/kotlin/backend/jvm/lower/FragmentLocalFunctionPatchLoweringKt done
Event: 1.418 loading class org/jetbrains/kotlin/backend/jvm/lower/FragmentLocalFunctionPatchLoweringKt$fragmentLocalFunctionPatchLowering$1
Event: 1.418 loading class org/jetbrains/kotlin/backend/jvm/lower/FragmentLocalFunctionPatchLoweringKt$fragmentLocalFunctionPatchLowering$1 done
Event: 1.418 loading class org/jetbrains/kotlin/backend/jvm/lower/ReflectiveAccessKt
Event: 1.418 loading class org/jetbrains/kotlin/backend/jvm/lower/ReflectiveAccessKt done
Event: 1.418 loading class org/jetbrains/kotlin/backend/jvm/lower/ReflectiveAccessKt$reflectiveAccessLowering$1
Event: 1.418 loading class org/jetbrains/kotlin/backend/jvm/lower/ReflectiveAccessKt$reflectiveAccessLowering$1 done
Event: 1.418 Executing VM operation: CollectForMetadataAllocation


Dynamic libraries:
0x00007ff792230000 - 0x00007ff79223a000 	C:\Users\Bayan\AppData\Local\JetBrains\Toolbox\apps\AndroidStudio\ch-0\213.7172.25.2113.9123335\jre\bin\java.exe
0x00007ffab4dd0000 - 0x00007ffab4fe4000 	C:\WINDOWS\SYSTEM32\ntdll.dll
0x00007ffab3a40000 - 0x00007ffab3b03000 	C:\WINDOWS\System32\KERNEL32.DLL
0x00007ffab23b0000 - 0x00007ffab274c000 	C:\WINDOWS\System32\KERNELBASE.dll
0x00007ffab2ac0000 - 0x00007ffab2bd1000 	C:\WINDOWS\System32\ucrtbase.dll
0x00007ffa9c830000 - 0x00007ffa9c847000 	C:\Users\Bayan\AppData\Local\JetBrains\Toolbox\apps\AndroidStudio\ch-0\213.7172.25.2113.9123335\jre\bin\VCRUNTIME140.dll
0x00007ffa9e8b0000 - 0x00007ffa9e8c9000 	C:\Users\Bayan\AppData\Local\JetBrains\Toolbox\apps\AndroidStudio\ch-0\213.7172.25.2113.9123335\jre\bin\jli.dll
0x00007ffab3b20000 - 0x00007ffab3ccd000 	C:\WINDOWS\System32\USER32.dll
0x00007ffa9ef40000 - 0x00007ffa9f1ce000 	C:\WINDOWS\WinSxS\amd64_microsoft.windows.common-controls_6595b64144ccf1df_6.0.22621.608_none_a9444ca7c10bb01d\COMCTL32.dll
0x00007ffab2750000 - 0x00007ffab2776000 	C:\WINDOWS\System32\win32u.dll
0x00007ffab40a0000 - 0x00007ffab4147000 	C:\WINDOWS\System32\msvcrt.dll
0x00007ffab3840000 - 0x00007ffab3869000 	C:\WINDOWS\System32\GDI32.dll
0x00007ffab2290000 - 0x00007ffab23a2000 	C:\WINDOWS\System32\gdi32full.dll
0x00007ffab29b0000 - 0x00007ffab2a4a000 	C:\WINDOWS\System32\msvcp_win.dll
0x00007ffab3cd0000 - 0x00007ffab3d02000 	C:\WINDOWS\System32\IMM32.DLL
0x00007ffa86130000 - 0x00007ffa861cd000 	C:\Users\Bayan\AppData\Local\JetBrains\Toolbox\apps\AndroidStudio\ch-0\213.7172.25.2113.9123335\jre\bin\msvcp140.dll
0x00007ffa50c40000 - 0x00007ffa51742000 	C:\Users\Bayan\AppData\Local\JetBrains\Toolbox\apps\AndroidStudio\ch-0\213.7172.25.2113.9123335\jre\bin\server\jvm.dll
0x00007ffab3870000 - 0x00007ffab391e000 	C:\WINDOWS\System32\ADVAPI32.dll
0x00007ffab41e0000 - 0x00007ffab4284000 	C:\WINDOWS\System32\sechost.dll
0x00007ffab2be0000 - 0x00007ffab2cf5000 	C:\WINDOWS\System32\RPCRT4.dll
0x00007ffab37a0000 - 0x00007ffab37a8000 	C:\WINDOWS\System32\PSAPI.DLL
0x00007ffaad7d0000 - 0x00007ffaad7d9000 	C:\WINDOWS\SYSTEM32\WSOCK32.dll
0x00007ffaa2f00000 - 0x00007ffaa2f34000 	C:\WINDOWS\SYSTEM32\WINMM.dll
0x00007ffab4890000 - 0x00007ffab4901000 	C:\WINDOWS\System32\WS2_32.dll
0x00007ffaa6b80000 - 0x00007ffaa6b8a000 	C:\WINDOWS\SYSTEM32\VERSION.dll
0x00007ffab1220000 - 0x00007ffab1238000 	C:\WINDOWS\SYSTEM32\kernel.appcore.dll
0x00007ffaa5ee0000 - 0x00007ffaa5ef1000 	C:\Users\Bayan\AppData\Local\JetBrains\Toolbox\apps\AndroidStudio\ch-0\213.7172.25.2113.9123335\jre\bin\verify.dll
0x00007ffa9e5a0000 - 0x00007ffa9e7ce000 	C:\WINDOWS\SYSTEM32\DBGHELP.DLL
0x00007ffab3d10000 - 0x00007ffab409a000 	C:\WINDOWS\System32\combase.dll
0x00007ffab2eb0000 - 0x00007ffab2f87000 	C:\WINDOWS\System32\OLEAUT32.dll
0x00007ffaa4890000 - 0x00007ffaa48c2000 	C:\WINDOWS\SYSTEM32\dbgcore.DLL
0x00007ffab2210000 - 0x00007ffab228b000 	C:\WINDOWS\System32\bcryptPrimitives.dll
0x00007ffaa5c10000 - 0x00007ffaa5c39000 	C:\Users\Bayan\AppData\Local\JetBrains\Toolbox\apps\AndroidStudio\ch-0\213.7172.25.2113.9123335\jre\bin\java.dll
0x00007ffaad700000 - 0x00007ffaad70b000 	C:\Users\Bayan\AppData\Local\JetBrains\Toolbox\apps\AndroidStudio\ch-0\213.7172.25.2113.9123335\jre\bin\jimage.dll
0x00007ffaa5bc0000 - 0x00007ffaa5bd8000 	C:\Users\Bayan\AppData\Local\JetBrains\Toolbox\apps\AndroidStudio\ch-0\213.7172.25.2113.9123335\jre\bin\zip.dll
0x00007ffab2fb0000 - 0x00007ffab379f000 	C:\WINDOWS\System32\SHELL32.dll
0x00007ffab01e0000 - 0x00007ffab0aa8000 	C:\WINDOWS\SYSTEM32\windows.storage.dll
0x00007ffab00a0000 - 0x00007ffab01de000 	C:\WINDOWS\SYSTEM32\wintypes.dll
0x00007ffab4560000 - 0x00007ffab4651000 	C:\WINDOWS\System32\SHCORE.dll
0x00007ffab2e50000 - 0x00007ffab2eae000 	C:\WINDOWS\System32\shlwapi.dll
0x00007ffab2140000 - 0x00007ffab2161000 	C:\WINDOWS\SYSTEM32\profapi.dll
0x00007ffaa4cc0000 - 0x00007ffaa4cda000 	C:\Users\Bayan\AppData\Local\JetBrains\Toolbox\apps\AndroidStudio\ch-0\213.7172.25.2113.9123335\jre\bin\net.dll
0x00007ffaab000000 - 0x00007ffaab12f000 	C:\WINDOWS\SYSTEM32\WINHTTP.dll
0x00007ffab1680000 - 0x00007ffab16e9000 	C:\WINDOWS\system32\mswsock.dll
0x00007ffaa4a00000 - 0x00007ffaa4a14000 	C:\Users\Bayan\AppData\Local\JetBrains\Toolbox\apps\AndroidStudio\ch-0\213.7172.25.2113.9123335\jre\bin\nio.dll

dbghelp: loaded successfully - version: 4.0.5 - missing functions: none
symbol engine: initialized successfully - sym options: 0x614 - pdb path: .;C:\Users\Bayan\AppData\Local\JetBrains\Toolbox\apps\AndroidStudio\ch-0\213.7172.25.2113.9123335\jre\bin;C:\WINDOWS\SYSTEM32;C:\WINDOWS\WinSxS\amd64_microsoft.windows.common-controls_6595b64144ccf1df_6.0.22621.608_none_a9444ca7c10bb01d;C:\Users\Bayan\AppData\Local\JetBrains\Toolbox\apps\AndroidStudio\ch-0\213.7172.25.2113.9123335\jre\bin\server

VM Arguments:
java_command: org.jetbrains.kotlin.cli.jvm.K2JVMCompiler @C:\Users\Bayan\AndroidStudioProjects\Newsapp\app\build\20230209_15171008937805100986.compiler.options
java_class_path (initial): C:\Users\Bayan\.gradle\caches\modules-2\files-2.1\org.jetbrains.kotlin\kotlin-compiler-embeddable\1.7.20\8db18559a581dd2c36ddfd5046af145650f5b126\kotlin-compiler-embeddable-1.7.20.jar;C:\Users\Bayan\.gradle\caches\modules-2\files-2.1\org.jetbrains.kotlin\kotlin-reflect\1.7.20\12b2501e33bb6373e8e347c86d85481863629381\kotlin-reflect-1.7.20.jar;C:\Users\Bayan\.gradle\caches\modules-2\files-2.1\org.jetbrains.kotlin\kotlin-stdlib\1.7.20\726594ea9ba2beb2ee113647fefa9a10f9fabe52\kotlin-stdlib-1.7.20.jar;C:\Users\Bayan\.gradle\caches\modules-2\files-2.1\org.jetbrains.kotlin\kotlin-script-runtime\1.7.20\bcd1cc6f865e632550357fcc59f5ffd532615a8\kotlin-script-runtime-1.7.20.jar;C:\Users\Bayan\.gradle\caches\modules-2\files-2.1\org.jetbrains.kotlin\kotlin-daemon-embeddable\1.7.20\1e24355adad8d529d75d5b19eab55484057431ba\kotlin-daemon-embeddable-1.7.20.jar;C:\Users\Bayan\.gradle\caches\modules-2\files-2.1\org.jetbrains.intellij.deps\trove4j\1.0.20200330\3afb14d5f9ceb459d724e907a21145e8ff394f02\trove4j-1.0.20200330.jar;C:\Users\Bayan\.gradle\caches\modules-2\files-2.1\net.java.dev.jna\jna\5.6.0\330f2244e9030119ab3030fc3fededc86713d9cc\jna-5.6.0.jar;C:\Users\Bayan\.gradle\caches\modules-2\files-2.1\org.jetbrains.kotlin\kotlin-stdlib-common\1.7.20\e15351bdaf9fa06f009be5da7a202e4184f00ae3\kotlin-stdlib-common-1.7.20.jar;C:\Users\Bayan\.gradle\caches\modules-2\files-2.1\org.jetbrains\annotations\13.0\919f0dfe192fb4e063e7dacadee7f8bb9a2672a9\annotations-13.0.jar
Launcher Type: SUN_STANDARD

[Global flags]
     intx CICompilerCount                          = 3                                         {product} {ergonomic}
     uint ConcGCThreads                            = 1                                         {product} {ergonomic}
     uint G1ConcRefinementThreads                  = 4                                         {product} {ergonomic}
   size_t G1HeapRegionSize                         = 1048576                                   {product} {ergonomic}
    uintx GCDrainStackTargetSize                   = 64                                        {product} {ergonomic}
   size_t InitialHeapSize                          = 167772160                                 {product} {ergonomic}
   size_t MarkStackSize                            = 4194304                                   {product} {ergonomic}
   size_t MaxHeapSize                              = 2665480192                                {product} {ergonomic}
   size_t MaxNewSize                               = 1599078400                                {product} {ergonomic}
   size_t MinHeapDeltaBytes                        = 1048576                                   {product} {ergonomic}
    uintx NonNMethodCodeHeapSize                   = 5830732                                {pd product} {ergonomic}
    uintx NonProfiledCodeHeapSize                  = 122913754                              {pd product} {ergonomic}
    uintx ProfiledCodeHeapSize                     = 122913754                              {pd product} {ergonomic}
    uintx ReservedCodeCacheSize                    = 251658240                              {pd product} {ergonomic}
     bool SegmentedCodeCache                       = true                                      {product} {ergonomic}
     bool UseCompressedClassPointers               = true                                 {lp64_product} {ergonomic}
     bool UseCompressedOops                        = true                                 {lp64_product} {ergonomic}
     bool UseG1GC                                  = true                                      {product} {ergonomic}
     bool UseLargePagesIndividualAllocation        = false                                  {pd product} {ergonomic}

Logging:
Log output configuration:
 #0: stdout all=warning uptime,level,tags
 #1: stderr all=off uptime,level,tags

Environment Variables:
PATH=C:\WINDOWS\system32;C:\WINDOWS;C:\WINDOWS\System32\Wbem;C:\WINDOWS\System32\WindowsPowerShell\v1.0\;C:\WINDOWS\System32\OpenSSH\;C:\Program Files\dotnet\;C:\Program Files\Git\cmd;C:\Program Files (x86)\AOMEI\AOMEI Backupper\6.5.1;C:\Users\Bayan\AppData\Local\Programs\Python\Python311\Scripts\;C:\Users\Bayan\AppData\Local\Programs\Python\Python311\;C:\Users\Bayan\AppData\Local\Microsoft\WindowsApps;C:\Users\Bayan\AppData\Local\JetBrains\Toolbox\scripts;D:\Libraries\Programs\Executable;C:\Users\Bayan\Programs\Installer\yt-dlp\yt-dlp-gui\src\dist\yt-dlp-gui;C:\Users\Bayan\AppData\Local\Microsoft\WindowsApps;D:\Libraries\Programs\Android;C:\Users\Bayan\AppData\Local\Android\Sdk\platform-tools;
USERNAME=Bayan
OS=Windows_NT
PROCESSOR_IDENTIFIER=Intel64 Family 6 Model 60 Stepping 3, GenuineIntel



---------------  S Y S T E M  ---------------

OS: Windows 11 , 64 bit Build 22621 (10.0.22621.1194)
OS uptime: 1 days 3:19 hours
Hyper-V role detected

CPU:total 4 (initial active 4) (2 cores per cpu, 2 threads per core) family 6 model 60 stepping 3 microcode 0x28, cmov, cx8, fxsr, mmx, sse, sse2, sse3, ssse3, sse4.1, sse4.2, popcnt, avx, avx2, aes, clmul, erms, lzcnt, ht, tsc, tscinvbit, bmi1, bmi2, fma

Memory: 4k page, system-wide physical 10165M (949M free)
TotalPageFile size 10165M (AvailPageFile size 5M)
current process WorkingSet (physical memory assigned to process): 128M, peak: 128M
current process commit charge ("private bytes"): 263M, peak: 264M

vm_info: OpenJDK 64-Bit Server VM (11.0.13+0-b1751.21-8125866) for windows-amd64 JRE (11.0.13+0-b1751.21-8125866), built on Feb  2 2022 03:00:22 by "builder" with MS VC++ 14.0 (VS2015)

END.
